<?xml version="1.0" encoding="UTF-8"?>
<!-- Generated by org.testng.reporters.JUnitXMLReporter -->
<testsuite hostname="PUKSHARMA.local" name="Default test" tests="3" failures="0" timestamp="10 Apr 2017 09:25:52 GMT" time="35.415" errors="0">
  <testcase name="openHomePage" time="12.637" classname="com.appdirect.TestPackage.HomePageTest"/>
  <testcase name="openLoginPage" time="7.574" classname="com.appdirect.TestPackage.HomePageTest"/>
  <testcase name="opensignupPage" time="10.249" classname="com.appdirect.TestPackage.HomePageTest"/>
</testsuite> <!-- Default test -->
